<?xml version="1.0" encoding="UTF-8"?>
<testng-results skipped="0" failed="1" total="1" passed="0">
  <reporter-output>
  </reporter-output>
  <suite name="Default suite" duration-ms="211" started-at="2015-07-24T06:42:12Z" finished-at="2015-07-24T06:42:12Z">
    <groups>
    </groups>
    <test name="Default test" duration-ms="211" started-at="2015-07-24T06:42:12Z" finished-at="2015-07-24T06:42:12Z">
      <class name="com.example.tests.GroupCreationTests">
        <test-method status="FAIL" signature="setUp()[pri:0, instance:com.example.tests.GroupCreationTests@12bc6874]" name="setUp" is-config="true" duration-ms="0" started-at="2015-07-24T09:42:12Z" finished-at="2015-07-24T09:42:12Z">
          <exception class="java.lang.IllegalStateException">
            <message>
              <![CDATA[The path to the driver executable must be set by the webdriver.ie.driver system property; for more information, see https://github.com/SeleniumHQ/selenium/wiki/InternetExplorerDriver. The latest version can be downloaded from http://selenium-release.storage.googleapis.com/index.html]]>
            </message>
            <full-stacktrace>
              <![CDATA[java.lang.IllegalStateException: The path to the driver executable must be set by the webdriver.ie.driver system property; for more information, see https://github.com/SeleniumHQ/selenium/wiki/InternetExplorerDriver. The latest version can be downloaded from http://selenium-release.storage.googleapis.com/index.html
	at com.google.common.base.Preconditions.checkState(Preconditions.java:197)
	at org.openqa.selenium.remote.service.DriverService.findExecutable(DriverService.java:109)
	at org.openqa.selenium.ie.InternetExplorerDriverService.access$0(InternetExplorerDriverService.java:1)
	at org.openqa.selenium.ie.InternetExplorerDriverService$Builder.findDefaultExecutable(InternetExplorerDriverService.java:167)
	at org.openqa.selenium.remote.service.DriverService$Builder.build(DriverService.java:290)
	at org.openqa.selenium.ie.InternetExplorerDriver.setupService(InternetExplorerDriver.java:251)
	at org.openqa.selenium.ie.InternetExplorerDriver.<init>(InternetExplorerDriver.java:172)
	at org.openqa.selenium.ie.InternetExplorerDriver.<init>(InternetExplorerDriver.java:146)
	at com.example.fw.ApplicationManager.<init>(ApplicationManager.java:26)
	at com.example.tests.TestBase.setUp(TestBase.java:27)
	at sun.reflect.NativeMethodAccessorImpl.invoke0(Native Method)
	at sun.reflect.NativeMethodAccessorImpl.invoke(Unknown Source)
	at sun.reflect.DelegatingMethodAccessorImpl.invoke(Unknown Source)
	at java.lang.reflect.Method.invoke(Unknown Source)
	at org.testng.internal.MethodInvocationHelper.invokeMethod(MethodInvocationHelper.java:84)
	at org.testng.internal.Invoker.invokeConfigurationMethod(Invoker.java:564)
	at org.testng.internal.Invoker.invokeConfigurations(Invoker.java:213)
	at org.testng.internal.Invoker.invokeConfigurations(Invoker.java:138)
	at org.testng.TestRunner.beforeRun(TestRunner.java:641)
	at org.testng.TestRunner.run(TestRunner.java:609)
	at org.testng.SuiteRunner.runTest(SuiteRunner.java:334)
	at org.testng.SuiteRunner.runSequentially(SuiteRunner.java:329)
	at org.testng.SuiteRunner.privateRun(SuiteRunner.java:291)
	at org.testng.SuiteRunner.run(SuiteRunner.java:240)
	at org.testng.SuiteRunnerWorker.runSuite(SuiteRunnerWorker.java:52)
	at org.testng.SuiteRunnerWorker.run(SuiteRunnerWorker.java:86)
	at org.testng.TestNG.runSuitesSequentially(TestNG.java:1224)
	at org.testng.TestNG.runSuitesLocally(TestNG.java:1149)
	at org.testng.TestNG.run(TestNG.java:1057)
	at org.testng.remote.RemoteTestNG.run(RemoteTestNG.java:111)
	at org.testng.remote.RemoteTestNG.initAndRun(RemoteTestNG.java:204)
	at org.testng.remote.RemoteTestNG.main(RemoteTestNG.java:175)
]]>
            </full-stacktrace>
          </exception> <!-- java.lang.IllegalStateException -->
          <reporter-output>
          </reporter-output>
        </test-method> <!-- setUp -->
        <test-method status="FAIL" signature="testGroupCreationValidData(com.example.tests.GroupData)[pri:0, instance:com.example.tests.GroupCreationTests@12bc6874]" name="testGroupCreationValidData" duration-ms="0" started-at="2015-07-24T09:42:12Z" data-provider="groupsFromFile" finished-at="2015-07-24T09:42:12Z">
          <exception class="java.lang.RuntimeException">
            <message>
              <![CDATA[com.thoughtworks.xstream.io.StreamException:  : only whitespace content allowed before start tag and not t (position: START_DOCUMENT seen t... @1:1) ]]>
            </message>
            <full-stacktrace>
              <![CDATA[java.lang.RuntimeException: com.thoughtworks.xstream.io.StreamException:  : only whitespace content allowed before start tag and not t (position: START_DOCUMENT seen t... @1:1) 
	at org.testng.internal.MethodInvocationHelper.invokeDataProvider(MethodInvocationHelper.java:161)
	at org.testng.internal.Parameters.handleParameters(Parameters.java:429)
	at org.testng.internal.Invoker.handleParameters(Invoker.java:1383)
	at org.testng.internal.Invoker.createParameters(Invoker.java:1075)
	at org.testng.internal.Invoker.invokeTestMethods(Invoker.java:1180)
	at org.testng.internal.TestMethodWorker.invokeTestMethods(TestMethodWorker.java:127)
	at org.testng.internal.TestMethodWorker.run(TestMethodWorker.java:111)
	at org.testng.TestRunner.privateRun(TestRunner.java:767)
	at org.testng.TestRunner.run(TestRunner.java:617)
	at org.testng.SuiteRunner.runTest(SuiteRunner.java:334)
	at org.testng.SuiteRunner.runSequentially(SuiteRunner.java:329)
	at org.testng.SuiteRunner.privateRun(SuiteRunner.java:291)
	at org.testng.SuiteRunner.run(SuiteRunner.java:240)
	at org.testng.SuiteRunnerWorker.runSuite(SuiteRunnerWorker.java:52)
	at org.testng.SuiteRunnerWorker.run(SuiteRunnerWorker.java:86)
	at org.testng.TestNG.runSuitesSequentially(TestNG.java:1224)
	at org.testng.TestNG.runSuitesLocally(TestNG.java:1149)
	at org.testng.TestNG.run(TestNG.java:1057)
	at org.testng.remote.RemoteTestNG.run(RemoteTestNG.java:111)
	at org.testng.remote.RemoteTestNG.initAndRun(RemoteTestNG.java:204)
	at org.testng.remote.RemoteTestNG.main(RemoteTestNG.java:175)
Caused by: com.thoughtworks.xstream.io.StreamException:  : only whitespace content allowed before start tag and not t (position: START_DOCUMENT seen t... @1:1) 
	at com.thoughtworks.xstream.io.xml.XppReader.pullNextEvent(XppReader.java:124)
	at com.thoughtworks.xstream.io.xml.AbstractPullReader.readRealEvent(AbstractPullReader.java:148)
	at com.thoughtworks.xstream.io.xml.AbstractPullReader.readEvent(AbstractPullReader.java:141)
	at com.thoughtworks.xstream.io.xml.AbstractPullReader.move(AbstractPullReader.java:118)
	at com.thoughtworks.xstream.io.xml.AbstractPullReader.moveDown(AbstractPullReader.java:103)
	at com.thoughtworks.xstream.io.xml.XppReader.<init>(XppReader.java:63)
	at com.thoughtworks.xstream.io.xml.AbstractXppDriver.createReader(AbstractXppDriver.java:54)
	at com.thoughtworks.xstream.io.xml.AbstractXppDriver.createReader(AbstractXppDriver.java:65)
	at com.thoughtworks.xstream.io.AbstractDriver.createReader(AbstractDriver.java:74)
	at com.thoughtworks.xstream.XStream.fromXML(XStream.java:1152)
	at com.thoughtworks.xstream.XStream.fromXML(XStream.java:1096)
	at com.example.tests.GroupDataGenerator.loadGroupsFromXmlFile(GroupDataGenerator.java:54)
	at com.example.tests.GroupCreationTests.groupsFromFile(GroupCreationTests.java:23)
	at sun.reflect.NativeMethodAccessorImpl.invoke0(Native Method)
	at sun.reflect.NativeMethodAccessorImpl.invoke(Unknown Source)
	at sun.reflect.DelegatingMethodAccessorImpl.invoke(Unknown Source)
	at java.lang.reflect.Method.invoke(Unknown Source)
	at org.testng.internal.MethodInvocationHelper.invokeMethod(MethodInvocationHelper.java:84)
	at org.testng.internal.MethodInvocationHelper.invokeDataProvider(MethodInvocationHelper.java:153)
	... 20 more
Caused by: org.xmlpull.v1.XmlPullParserException: only whitespace content allowed before start tag and not t (position: START_DOCUMENT seen t... @1:1) 
	at org.xmlpull.mxp1.MXParser.parseProlog(MXParser.java:1519)
	at org.xmlpull.mxp1.MXParser.nextImpl(MXParser.java:1395)
	at org.xmlpull.mxp1.MXParser.next(MXParser.java:1093)
	at com.thoughtworks.xstream.io.xml.XppReader.pullNextEvent(XppReader.java:109)
	... 38 more
]]>
            </full-stacktrace>
          </exception> <!-- java.lang.RuntimeException -->
          <reporter-output>
          </reporter-output>
        </test-method> <!-- testGroupCreationValidData -->
        <test-method status="SKIP" signature="tearDown()[pri:0, instance:com.example.tests.GroupCreationTests@12bc6874]" name="tearDown" is-config="true" duration-ms="0" started-at="2015-07-24T09:42:12Z" finished-at="2015-07-24T09:42:12Z">
          <reporter-output>
          </reporter-output>
        </test-method> <!-- tearDown -->
      </class> <!-- com.example.tests.GroupCreationTests -->
    </test> <!-- Default test -->
  </suite> <!-- Default suite -->
</testng-results>
